\BOOKMARK [1][-]{section.1}{\376\377\000P\000h\000a\000s\000e\000\040\0002\000:\000\040\000D\000e\000v\000e\000l\000o\000p\000m\000e\000n\000t\000\040\000o\000f\000\040\000C\000r\000y\000p\000t\000o\000g\000r\000a\000p\000h\000i\000c\000\040\000M\000o\000d\000u\000l\000e\000s}{}% 1
\BOOKMARK [2][-]{subsection.1.1}{\376\377\000B\000l\000o\000c\000k\000\040\000C\000i\000p\000h\000e\000r\000\040\000M\000o\000d\000u\000l\000e\000\040\040\023\000\040\000A\000E\000S\000\040\000\050\000b\000l\000o\000c\000k\000\137\000c\000i\000p\000h\000e\000r\000.\000p\000y\000\051}{section.1}% 2
\BOOKMARK [3][-]{subsubsection.1.1.1}{\376\377\000O\000v\000e\000r\000v\000i\000e\000w}{subsection.1.1}% 3
\BOOKMARK [3][-]{subsubsection.1.1.2}{\376\377\000W\000h\000y\000\040\000E\000A\000X\000\040\000M\000o\000d\000e\000?}{subsection.1.1}% 4
\BOOKMARK [3][-]{subsubsection.1.1.3}{\376\377\000I\000m\000p\000l\000e\000m\000e\000n\000t\000a\000t\000i\000o\000n\000\040\000D\000e\000t\000a\000i\000l\000s}{subsection.1.1}% 5
\BOOKMARK [3][-]{subsubsection.1.1.4}{\376\377\000H\000o\000w\000\040\000t\000h\000e\000\040\000B\000l\000o\000c\000k\000\040\000C\000i\000p\000h\000e\000r\000\040\000M\000o\000d\000u\000l\000e\000\040\000W\000o\000r\000k\000s}{subsection.1.1}% 6
\BOOKMARK [3][-]{subsubsection.1.1.5}{\376\377\000D\000a\000t\000a\000\040\000F\000o\000r\000m\000a\000t}{subsection.1.1}% 7
\BOOKMARK [2][-]{subsection.1.2}{\376\377\000P\000u\000b\000l\000i\000c\000\040\000K\000e\000y\000\040\000C\000r\000y\000p\000t\000o\000s\000y\000s\000t\000e\000m\000\040\000M\000o\000d\000u\000l\000e\000\040\040\023\000\040\000R\000S\000A\000\040\000\050\000p\000u\000b\000l\000i\000c\000\137\000k\000e\000y\000.\000p\000y\000\051}{section.1}% 8
\BOOKMARK [3][-]{subsubsection.1.2.1}{\376\377\000O\000v\000e\000r\000v\000i\000e\000w}{subsection.1.2}% 9
\BOOKMARK [3][-]{subsubsection.1.2.2}{\376\377\000P\000K\000C\000S\000\043\0001\000\040\000O\000A\000E\000P\000\040\000P\000a\000d\000d\000i\000n\000g}{subsection.1.2}% 10
\BOOKMARK [3][-]{subsubsection.1.2.3}{\376\377\000I\000m\000p\000l\000e\000m\000e\000n\000t\000a\000t\000i\000o\000n\000\040\000D\000e\000t\000a\000i\000l\000s}{subsection.1.2}% 11
\BOOKMARK [3][-]{subsubsection.1.2.4}{\376\377\000R\000o\000l\000e\000\040\000o\000f\000\040\000t\000h\000e\000\040\000P\000u\000b\000l\000i\000c\000\040\000K\000e\000y\000\040\000C\000r\000y\000p\000t\000o\000s\000y\000s\000t\000e\000m\000\040\000M\000o\000d\000u\000l\000e}{subsection.1.2}% 12
\BOOKMARK [2][-]{subsection.1.3}{\376\377\000H\000a\000s\000h\000i\000n\000g\000\040\000M\000o\000d\000u\000l\000e\000\040\040\023\000\040\000S\000H\000A\000-\0002\0005\0006\000\040\000\050\000h\000a\000s\000h\000i\000n\000g\000.\000p\000y\000\051}{section.1}% 13
\BOOKMARK [3][-]{subsubsection.1.3.1}{\376\377\000O\000v\000e\000r\000v\000i\000e\000w}{subsection.1.3}% 14
\BOOKMARK [3][-]{subsubsection.1.3.2}{\376\377\000I\000m\000p\000l\000e\000m\000e\000n\000t\000a\000t\000i\000o\000n\000\040\000D\000e\000t\000a\000i\000l\000s}{subsection.1.3}% 15
\BOOKMARK [3][-]{subsubsection.1.3.3}{\376\377\000H\000o\000w\000\040\000t\000h\000e\000\040\000H\000a\000s\000h\000i\000n\000g\000\040\000M\000o\000d\000u\000l\000e\000\040\000E\000n\000s\000u\000r\000e\000s\000\040\000D\000a\000t\000a\000\040\000I\000n\000t\000e\000g\000r\000i\000t\000y}{subsection.1.3}% 16
\BOOKMARK [3][-]{subsubsection.1.3.4}{\376\377\000P\000h\000a\000s\000e\000\040\0002\000\040\000S\000u\000m\000m\000a\000r\000y}{subsection.1.3}% 17
\BOOKMARK [1][-]{section.2}{\376\377\000P\000h\000a\000s\000e\000\040\0003\000:\000\040\000D\000e\000v\000e\000l\000o\000p\000m\000e\000n\000t\000\040\000o\000f\000\040\000K\000e\000y\000\040\000M\000a\000n\000a\000g\000e\000m\000e\000n\000t\000\040\000a\000n\000d\000\040\000A\000u\000t\000h\000e\000n\000t\000i\000c\000a\000t\000i\000o\000n\000\040\000M\000o\000d\000u\000l\000e\000s}{}% 18
\BOOKMARK [2][-]{subsection.2.1}{\376\377\000K\000e\000y\000\040\000M\000a\000n\000a\000g\000e\000m\000e\000n\000t\000\040\000M\000o\000d\000u\000l\000e\000\040\000\050\000k\000e\000y\000\137\000m\000a\000n\000a\000g\000e\000m\000e\000n\000t\000.\000p\000y\000\051}{section.2}% 19
\BOOKMARK [3][-]{subsubsection.2.1.1}{\376\377\000O\000v\000e\000r\000v\000i\000e\000w}{subsection.2.1}% 20
\BOOKMARK [3][-]{subsubsection.2.1.2}{\376\377\000I\000m\000p\000l\000e\000m\000e\000n\000t\000a\000t\000i\000o\000n\000\040\000D\000e\000t\000a\000i\000l\000s}{subsection.2.1}% 21
\BOOKMARK [3][-]{subsubsection.2.1.3}{\376\377\000H\000o\000w\000\040\000t\000h\000e\000\040\000K\000e\000y\000\040\000M\000a\000n\000a\000g\000e\000m\000e\000n\000t\000\040\000M\000o\000d\000u\000l\000e\000\040\000S\000e\000c\000u\000r\000e\000s\000\040\000K\000e\000y\000\040\000D\000i\000s\000t\000r\000i\000b\000u\000t\000i\000o\000n\000\040\000a\000n\000d\000\040\000S\000t\000o\000r\000a\000g\000e}{subsection.2.1}% 22
\BOOKMARK [2][-]{subsection.2.2}{\376\377\000A\000u\000t\000h\000e\000n\000t\000i\000c\000a\000t\000i\000o\000n\000\040\000M\000o\000d\000u\000l\000e\000\040\000\050\000a\000u\000t\000h\000e\000n\000t\000i\000c\000a\000t\000i\000o\000n\000.\000p\000y\000\051}{section.2}% 23
\BOOKMARK [3][-]{subsubsection.2.2.1}{\376\377\000O\000v\000e\000r\000v\000i\000e\000w}{subsection.2.2}% 24
\BOOKMARK [3][-]{subsubsection.2.2.2}{\376\377\000I\000m\000p\000l\000e\000m\000e\000n\000t\000a\000t\000i\000o\000n\000\040\000D\000e\000t\000a\000i\000l\000s}{subsection.2.2}% 25
\BOOKMARK [3][-]{subsubsection.2.2.3}{\376\377\000A\000u\000t\000h\000e\000n\000t\000i\000c\000a\000t\000i\000o\000n\000\040\000M\000e\000c\000h\000a\000n\000i\000s\000m\000s}{subsection.2.2}% 26
\BOOKMARK [3][-]{subsubsection.2.2.4}{\376\377\000H\000o\000w\000\040\000t\000h\000e\000\040\000A\000u\000t\000h\000e\000n\000t\000i\000c\000a\000t\000i\000o\000n\000\040\000M\000o\000d\000u\000l\000e\000\040\000V\000e\000r\000i\000f\000i\000e\000s\000\040\000U\000s\000e\000r\000\040\000I\000d\000e\000n\000t\000i\000t\000i\000e\000s}{subsection.2.2}% 27
\BOOKMARK [3][-]{subsubsection.2.2.5}{\376\377\000P\000h\000a\000s\000e\000\040\0003\000\040\000S\000u\000m\000m\000a\000r\000y}{subsection.2.2}% 28
\BOOKMARK [1][-]{section.3}{\376\377\000P\000h\000a\000s\000e\000\040\0004\000:\000\040\000I\000n\000t\000e\000g\000r\000a\000t\000i\000o\000n\000\040\000a\000n\000d\000\040\000T\000e\000s\000t\000i\000n\000g}{}% 29
\BOOKMARK [2][-]{subsection.3.1}{\376\377\000S\000y\000s\000t\000e\000m\000\040\000A\000r\000c\000h\000i\000t\000e\000c\000t\000u\000r\000e}{section.3}% 30
\BOOKMARK [2][-]{subsection.3.2}{\376\377\000S\000e\000r\000v\000e\000r\000\040\000M\000o\000d\000u\000l\000e\000\040\000\050\000s\000e\000r\000v\000e\000r\000.\000p\000y\000\051}{section.3}% 31
\BOOKMARK [3][-]{subsubsection.3.2.1}{\376\377\000I\000m\000p\000l\000e\000m\000e\000n\000t\000a\000t\000i\000o\000n\000\040\000D\000e\000t\000a\000i\000l\000s}{subsection.3.2}% 32
\BOOKMARK [3][-]{subsubsection.3.2.2}{\376\377\000H\000o\000w\000\040\000M\000o\000d\000u\000l\000e\000s\000\040\000A\000r\000e\000\040\000I\000n\000t\000e\000g\000r\000a\000t\000e\000d\000\040\000i\000n\000\040\000t\000h\000e\000\040\000S\000e\000r\000v\000e\000r}{subsection.3.2}% 33
\BOOKMARK [2][-]{subsection.3.3}{\376\377\000C\000l\000i\000e\000n\000t\000\040\000M\000o\000d\000u\000l\000e\000\040\000\050\000c\000l\000i\000e\000n\000t\000.\000p\000y\000\051}{section.3}% 34
\BOOKMARK [2][-]{subsection.3.4}{\376\377\000G\000r\000a\000p\000h\000i\000c\000a\000l\000\040\000U\000s\000e\000r\000\040\000I\000n\000t\000e\000r\000f\000a\000c\000e\000\040\000\050\000g\000u\000i\000.\000p\000y\000\051}{section.3}% 35
\BOOKMARK [2][-]{subsection.3.5}{\376\377\000H\000o\000w\000\040\000t\000h\000e\000\040\000S\000u\000i\000t\000e\000\040\000S\000e\000c\000u\000r\000e\000s\000\040\000I\000n\000t\000e\000r\000n\000e\000t\000\040\000S\000e\000r\000v\000i\000c\000e\000s}{section.3}% 36
\BOOKMARK [2][-]{subsection.3.6}{\376\377\000T\000e\000s\000t\000i\000n\000g}{section.3}% 37
\BOOKMARK [3][-]{subsubsection.3.6.1}{\376\377\000T\000y\000p\000e\000s\000\040\000o\000f\000\040\000T\000e\000s\000t\000s\000\040\000C\000o\000n\000d\000u\000c\000t\000e\000d}{subsection.3.6}% 38
\BOOKMARK [3][-]{subsubsection.3.6.2}{\376\377\000S\000a\000m\000p\000l\000e\000\040\000T\000e\000s\000t\000\040\000S\000c\000e\000n\000a\000r\000i\000o\000s}{subsection.3.6}% 39
\BOOKMARK [3][-]{subsubsection.3.6.3}{\376\377\000P\000h\000a\000s\000e\000\040\0004\000\040\000S\000u\000m\000m\000a\000r\000y}{subsection.3.6}% 40
\BOOKMARK [1][-]{section.4}{\376\377\000C\000o\000n\000c\000l\000u\000s\000i\000o\000n}{}% 41
